<?xml version="1.0" encoding="UTF-8"?>
<!-- Generated by org.testng.reporters.JUnitReportReporter -->
<testsuite hostname="DESKTOP-FD4QRKI" failures="0" tests="1" name="com.jenkinsTest.JenkinsTest$TestNgAssertTest" time="0.013" errors="0" timestamp="2022-05-30T15:21:59 IST" skipped="0">
  <testcase classname="com.jenkinsTest.JenkinsTest$TestNgAssertTest" name="practice1Test" time="0.013"/>
  <system-out>
    <![CDATA[a-practice1]]>
  </system-out>
</testsuite> <!-- com.jenkinsTest.JenkinsTest$TestNgAssertTest -->
